* using log directory ‘/Users/holmusk/Documents/GithubProjects/get_descriptives_R/getdescriptives.Rcheck’
* using R version 4.0.3 (2020-10-10)
* using platform: x86_64-apple-darwin17.0 (64-bit)
* using session charset: UTF-8
* checking for file ‘getdescriptives/DESCRIPTION’ ... OK
* checking extension type ... Package
* this is package ‘getdescriptives’ version ‘0.1.0’
* package encoding: UTF-8
* checking package namespace information ... OK
* checking package dependencies ... OK
* checking if this is a source package ... OK
* checking if there is a namespace ... OK
* checking for executable files ... OK
* checking for hidden files and directories ... NOTE
Found the following hidden files and directories:
  .DS_Store
  .Rhistory
  .Rproj.user
These were most likely included in error. See section ‘Package
structure’ in the ‘Writing R Extensions’ manual.
* checking for portable file names ... OK
* checking for sufficient/correct file permissions ... OK
* checking whether package ‘getdescriptives’ can be installed ... OK
* checking installed package size ... OK
* checking package directory ... OK
* checking DESCRIPTION meta-information ... WARNING
Non-standard license specification:
  What license is it under?
Standardizable: FALSE
Checking should be performed on sources prepared by ‘R CMD build’.
* checking top-level files ... OK
* checking for left-over files ... OK
* checking index information ... OK
* checking package subdirectories ... WARNING
Found the following directory with the name of a check directory:
  ./testthat.R.Rcheck
Most likely, these were included erroneously.
* checking R files for non-ASCII characters ... OK
* checking R files for syntax errors ... OK
* checking whether the package can be loaded ... OK
* checking whether the package can be loaded with stated dependencies ... OK
* checking whether the package can be unloaded cleanly ... OK
* checking whether the namespace can be loaded with stated dependencies ... OK
* checking whether the namespace can be unloaded cleanly ... OK
* checking dependencies in R code ... NOTE
Packages in Depends field not imported from:
  ‘NeuroBlu’ ‘arsenal’ ‘dplyr’ ‘naniar’
  These packages need to be imported from (in the NAMESPACE file)
  for when this namespace is loaded but not attached.
* checking S3 generic/method consistency ... OK
* checking replacement functions ... OK
* checking foreign function calls ... OK
* checking R code for possible problems ... NOTE
.demographics_df: no visible global function definition for
  ‘getBirthYear’
.demographics_df: no visible global function definition for ‘getGender’
.demographics_df: no visible global function definition for ‘getCity’
.demographics_df: no visible global function definition for
  ‘getEducationYears’
.demographics_df: no visible global function definition for
  ‘getEmployment’
.demographics_df: no visible global function definition for
  ‘getEthnicity’
.demographics_df: no visible global function definition for
  ‘getMarital’
.demographics_df: no visible global function definition for ‘getRace’
.demographics_df: no visible global function definition for ‘getState’
.get_formula: no visible global function definition for ‘formulize’
.nan_policy: no visible global function definition for
  ‘replace_with_na_all’
.nan_policy: no visible global function definition for ‘na.omit’
.run_arsenal: no visible global function definition for ‘tableby’
get_descriptives: no visible global function definition for ‘write.csv’
medianIQR: no visible binding for global variable ‘s’
Undefined global functions or variables:
  formulize getBirthYear getCity getEducationYears getEmployment
  getEthnicity getGender getMarital getRace getState na.omit
  replace_with_na_all s tableby write.csv
Consider adding
  importFrom("stats", "na.omit")
  importFrom("utils", "write.csv")
to your NAMESPACE file.
* checking Rd files ... OK
* checking Rd metadata ... OK
* checking Rd cross-references ... OK
* checking for missing documentation entries ... OK
* checking for code/documentation mismatches ... WARNING
Functions or methods with usage in documentation object 'hello' but not in code:
  ‘hello’

* checking Rd \usage sections ... WARNING
Undocumented arguments in documentation object 'get_descriptives'
  ‘continous_stat_agg’
Documented arguments not in \usage in documentation object 'get_descriptives':
  ‘continuous_stat_agg’

Functions with \usage entries need to have the appropriate \alias
entries, and all their arguments documented.
The \usage entries must correspond to syntactically valid R code.
See chapter ‘Writing R documentation files’ in the ‘Writing R
Extensions’ manual.
* checking Rd contents ... OK
* checking for unstated dependencies in examples ... OK
* checking examples ... ERROR
Running examples in ‘getdescriptives-Ex.R’ failed
The error most likely occurred in:

> ### Name: hello
> ### Title: Hello, World!
> ### Aliases: hello
> 
> ### ** Examples
> 
> hello()
Error in hello() : could not find function "hello"
Execution halted
* checking for unstated dependencies in ‘tests’ ... OK
* checking tests ... OK
  Running ‘testthat.R’
* checking PDF version of manual ... OK
* DONE
Status: 1 ERROR, 4 WARNINGs, 3 NOTEs
